#
# A fatal error has been detected by the Java Runtime Environment:
#
#  Internal Error (constantTag.cpp:59), pid=14756, tid=0x00000000000026b8
#  Error: ShouldNotReachHere()
#
# JRE version: Java(TM) SE Runtime Environment (8.0_191-b12) (build 1.8.0_191-b12)
# Java VM: Java HotSpot(TM) 64-Bit Server VM (25.191-b12 mixed mode windows-amd64 compressed oops)
# Failed to write core dump. Minidumps are not enabled by default on client versions of Windows
#
# If you would like to submit a bug report, please visit:
#   http://bugreport.java.com/bugreport/crash.jsp
#

---------------  T H R E A D  ---------------

Current thread (0x0000000017e27000):  VMThread [stack: 0x0000000018ec0000,0x0000000018fc0000] [id=9912]

Stack: [0x0000000018ec0000,0x0000000018fc0000]
[error occurred during error reporting (printing stack bounds), id 0xc0000005]

Native frames: (J=compiled Java code, j=interpreted, Vv=VM code, C=native code)

VM_Operation (0x0000000019a0f3f0): GetOrSetLocal, mode: safepoint, requested by thread 0x0000000019325000


---------------  P R O C E S S  ---------------

Java Threads: ( => current thread )
  0x000000001a275000 JavaThread "ReaderThread" [_thread_in_native, id=12040, stack(0x000000001a910000,0x000000001aa10000)]
  0x00000000193ac800 JavaThread "Service Thread" daemon [_thread_blocked, id=21956, stack(0x0000000019f10000,0x000000001a010000)]
  0x00000000193a0800 JavaThread "C1 CompilerThread2" daemon [_thread_blocked, id=12472, stack(0x0000000019e10000,0x0000000019f10000)]
  0x000000001939f000 JavaThread "C2 CompilerThread1" daemon [_thread_blocked, id=16984, stack(0x0000000019d10000,0x0000000019e10000)]
  0x0000000019345800 JavaThread "C2 CompilerThread0" daemon [_thread_blocked, id=17840, stack(0x0000000019c10000,0x0000000019d10000)]
  0x0000000019338800 JavaThread "JDWP Command Reader" daemon [_thread_in_native, id=25372, stack(0x0000000019b10000,0x0000000019c10000)]
  0x0000000019337000 JavaThread "JDWP Event Helper Thread" daemon [_thread_blocked, id=24648, stack(0x0000000019a10000,0x0000000019b10000)]
  0x0000000019325000 JavaThread "JDWP Transport Listener: dt_socket" daemon [_thread_blocked, id=8864, stack(0x0000000019910000,0x0000000019a10000)]
  0x0000000017ebe800 JavaThread "Attach Listener" daemon [_thread_blocked, id=8784, stack(0x0000000019720000,0x0000000019820000)]
  0x0000000017ebd800 JavaThread "Signal Dispatcher" daemon [_thread_blocked, id=25536, stack(0x0000000019220000,0x0000000019320000)]
  0x0000000017e4a800 JavaThread "Finalizer" daemon [_thread_blocked, id=5784, stack(0x00000000190c0000,0x00000000191c0000)]
  0x0000000017e28800 JavaThread "Reference Handler" daemon [_thread_blocked, id=9572, stack(0x0000000018fc0000,0x00000000190c0000)]
  0x00000000031f4000 JavaThread "main" [_thread_blocked, id=4180, stack(0x00000000030f0000,0x00000000031f0000)]

Other Threads:
=>0x0000000017e27000 VMThread [stack: 0x0000000018ec0000,0x0000000018fc0000] [id=9912]
  0x00000000193bd800 WatcherThread [stack: 0x000000001a010000,0x000000001a110000] [id=16396]

VM state:at safepoint (normal execution)

VM Mutex/Monitor currently owned by a thread:  ([mutex/lock_event])
[0x00000000031f0fd0] Threads_lock - owner thread: 0x0000000017e27000

Heap:
 PSYoungGen      total 38400K, used 30267K [0x00000000d5c00000, 0x00000000da700000, 0x0000000100000000)
  eden space 33280K, 75% used [0x00000000d5c00000,0x00000000d7496b10,0x00000000d7c80000)
  from space 5120K, 99% used [0x00000000d7c80000,0x00000000d81783a0,0x00000000d8180000)
  to   space 5120K, 0% used [0x00000000da200000,0x00000000da200000,0x00000000da700000)
 ParOldGen       total 87552K, used 7857K [0x0000000081400000, 0x0000000086980000, 0x00000000d5c00000)
  object space 87552K, 8% used [0x0000000081400000,0x0000000081bac5c8,0x0000000086980000)
 Metaspace       used 19559K, capacity 19896K, committed 20096K, reserved 1067008K
  class space    used 2261K, capacity 2376K, committed 2432K, reserved 1048576K

Card table byte_map: [0x00000000126b0000,0x0000000012ab0000] byte_map_base: 0x00000000122a6000

Marking Bits: (ParMarkBitMap*) 0x0000000069fb3e30
 Begin Bits: [0x0000000013160000, 0x0000000015110000)
 End Bits:   [0x0000000015110000, 0x00000000170c0000)

Polling page: 0x00000000014b0000

CodeCache: size=245760Kb used=8786Kb max_used=8838Kb free=236973Kb
 bounds [0x00000000032f0000, 0x0000000003bb0000, 0x00000000122f0000]
 total_blobs=2798 nmethods=2392 adapters=326
 compilation: enabled

Compilation events (10 events):
Event: 3.802 Thread 0x000000001939f000 nmethod 1638 0x0000000003afe710 code [0x0000000003afe880, 0x0000000003afee18]
Event: 3.802 Thread 0x000000001939f000 1497       4       org.apache.xmlbeans.impl.store.Cur::isNode (34 bytes)
Event: 3.805 Thread 0x000000001939f000 nmethod 1497 0x0000000003afde50 code [0x0000000003afdfa0, 0x0000000003afe298]
Event: 3.806 Thread 0x000000001939f000 1847       4       org.apache.xmlbeans.impl.store.Cur::moveToCur (59 bytes)
Event: 3.806 Thread 0x0000000019345800 nmethod 1644 0x0000000003af9990 code [0x0000000003af9b00, 0x0000000003afa458]
Event: 3.806 Thread 0x0000000019345800 1932       4       com.sun.org.apache.xerces.internal.dom.NodeImpl::needsSyncChildren (26 bytes)
Event: 3.806 Thread 0x0000000019345800 nmethod 1932 0x0000000003af9790 code [0x0000000003af98c0, 0x0000000003af9938]
Event: 3.806 Thread 0x0000000019345800 1566       4       java.util.regex.Matcher::find (69 bytes)
Event: 3.813 Thread 0x000000001939f000 nmethod 1847 0x0000000003af4610 code [0x0000000003af47a0, 0x0000000003af4db8]
Event: 3.814 Thread 0x0000000019345800 nmethod 1566 0x0000000003af3a90 code [0x0000000003af3c00, 0x0000000003af4178]

GC Heap History (6 events):
Event: 1.872 GC heap before
{Heap before GC invocations=1 (full 0):
 PSYoungGen      total 38400K, used 33280K [0x00000000d5c00000, 0x00000000d8680000, 0x0000000100000000)
  eden space 33280K, 100% used [0x00000000d5c00000,0x00000000d7c80000,0x00000000d7c80000)
  from space 5120K, 0% used [0x00000000d8180000,0x00000000d8180000,0x00000000d8680000)
  to   space 5120K, 0% used [0x00000000d7c80000,0x00000000d7c80000,0x00000000d8180000)
 ParOldGen       total 87552K, used 0K [0x0000000081400000, 0x0000000086980000, 0x00000000d5c00000)
  object space 87552K, 0% used [0x0000000081400000,0x0000000081400000,0x0000000086980000)
 Metaspace       used 11883K, capacity 12044K, committed 12160K, reserved 1060864K
  class space    used 1333K, capacity 1370K, committed 1408K, reserved 1048576K
Event: 1.879 GC heap after
Heap after GC invocations=1 (full 0):
 PSYoungGen      total 38400K, used 5109K [0x00000000d5c00000, 0x00000000d8680000, 0x0000000100000000)
  eden space 33280K, 0% used [0x00000000d5c00000,0x00000000d5c00000,0x00000000d7c80000)
  from space 5120K, 99% used [0x00000000d7c80000,0x00000000d817d450,0x00000000d8180000)
  to   space 5120K, 0% used [0x00000000d8180000,0x00000000d8180000,0x00000000d8680000)
 ParOldGen       total 87552K, used 3917K [0x0000000081400000, 0x0000000086980000, 0x00000000d5c00000)
  object space 87552K, 4% used [0x0000000081400000,0x00000000817d34e0,0x0000000086980000)
 Metaspace       used 11883K, capacity 12044K, committed 12160K, reserved 1060864K
  class space    used 1333K, capacity 1370K, committed 1408K, reserved 1048576K
}
Event: 2.617 GC heap before
{Heap before GC invocations=2 (full 0):
 PSYoungGen      total 38400K, used 38389K [0x00000000d5c00000, 0x00000000d8680000, 0x0000000100000000)
  eden space 33280K, 100% used [0x00000000d5c00000,0x00000000d7c80000,0x00000000d7c80000)
  from space 5120K, 99% used [0x00000000d7c80000,0x00000000d817d450,0x00000000d8180000)
  to   space 5120K, 0% used [0x00000000d8180000,0x00000000d8180000,0x00000000d8680000)
 ParOldGen       total 87552K, used 3917K [0x0000000081400000, 0x0000000086980000, 0x00000000d5c00000)
  object space 87552K, 4% used [0x0000000081400000,0x00000000817d34e0,0x0000000086980000)
 Metaspace       used 14810K, capacity 15030K, committed 15104K, reserved 1062912K
  class space    used 1704K, capacity 1745K, committed 1792K, reserved 1048576K
Event: 2.628 GC heap after
Heap after GC invocations=2 (full 0):
 PSYoungGen      total 38400K, used 5111K [0x00000000d5c00000, 0x00000000d8680000, 0x0000000100000000)
  eden space 33280K, 0% used [0x00000000d5c00000,0x00000000d5c00000,0x00000000d7c80000)
  from space 5120K, 99% used [0x00000000d8180000,0x00000000d867df40,0x00000000d8680000)
  to   space 5120K, 0% used [0x00000000d7c80000,0x00000000d7c80000,0x00000000d8180000)
 ParOldGen       total 87552K, used 6995K [0x0000000081400000, 0x0000000086980000, 0x00000000d5c00000)
  object space 87552K, 7% used [0x0000000081400000,0x0000000081ad4ec0,0x0000000086980000)
 Metaspace       used 14810K, capacity 15030K, committed 15104K, reserved 1062912K
  class space    used 1704K, capacity 1745K, committed 1792K, reserved 1048576K
}
Event: 2.923 GC heap before
{Heap before GC invocations=3 (full 0):
 PSYoungGen      total 38400K, used 38391K [0x00000000d5c00000, 0x00000000d8680000, 0x0000000100000000)
  eden space 33280K, 100% used [0x00000000d5c00000,0x00000000d7c80000,0x00000000d7c80000)
  from space 5120K, 99% used [0x00000000d8180000,0x00000000d867df40,0x00000000d8680000)
  to   space 5120K, 0% used [0x00000000d7c80000,0x00000000d7c80000,0x00000000d8180000)
 ParOldGen       total 87552K, used 6995K [0x0000000081400000, 0x0000000086980000, 0x00000000d5c00000)
  object space 87552K, 7% used [0x0000000081400000,0x0000000081ad4ec0,0x0000000086980000)
 Metaspace       used 14938K, capacity 15176K, committed 15360K, reserved 1062912K
  class space    used 1706K, capacity 1748K, committed 1792K, reserved 1048576K
Event: 2.932 GC heap after
Heap after GC invocations=3 (full 0):
 PSYoungGen      total 38400K, used 5088K [0x00000000d5c00000, 0x00000000da700000, 0x0000000100000000)
  eden space 33280K, 0% used [0x00000000d5c00000,0x00000000d5c00000,0x00000000d7c80000)
  from space 5120K, 99% used [0x00000000d7c80000,0x00000000d81783a0,0x00000000d8180000)
  to   space 5120K, 0% used [0x00000000da200000,0x00000000da200000,0x00000000da700000)
 ParOldGen       total 87552K, used 7857K [0x0000000081400000, 0x0000000086980000, 0x00000000d5c00000)
  object space 87552K, 8% used [0x0000000081400000,0x0000000081bac5c8,0x0000000086980000)
 Metaspace       used 14938K, capacity 15176K, committed 15360K, reserved 1062912K
  class space    used 1706K, capacity 1748K, committed 1792K, reserved 1048576K
}

Deoptimization events (10 events):
Event: 2.567 Thread 0x00000000031f4000 Uncommon trap: reason=class_check action=maybe_recompile pc=0x000000000364190c method=java.io.FilterInputStream.read([BII)I @ 7
Event: 2.567 Thread 0x00000000031f4000 Uncommon trap: reason=class_check action=maybe_recompile pc=0x000000000364190c method=java.io.FilterInputStream.read([BII)I @ 7
Event: 2.876 Thread 0x00000000031f4000 Uncommon trap: reason=class_check action=maybe_recompile pc=0x00000000037abe68 method=org.apache.xmlbeans.impl.store.CharUtil.isValid(Ljava/lang/Object;II)Z @ 64
Event: 3.042 Thread 0x00000000031f4000 Uncommon trap: reason=unstable_if action=reinterpret pc=0x000000000359ea94 method=java.util.HashMap.putVal(ILjava/lang/Object;Ljava/lang/Object;ZZ)Ljava/lang/Object; @ 236
Event: 3.098 Thread 0x00000000031f4000 Uncommon trap: reason=unstable_if action=reinterpret pc=0x0000000003647270 method=java.util.LinkedHashMap.get(Ljava/lang/Object;)Ljava/lang/Object; @ 20
Event: 3.105 Thread 0x00000000031f4000 Uncommon trap: reason=unstable_if action=reinterpret pc=0x00000000036e968c method=java.lang.String.regionMatches(ZILjava/lang/String;II)Z @ 123
Event: 3.518 Thread 0x00000000031f4000 Uncommon trap: reason=class_check action=maybe_recompile pc=0x00000000037ca548 method=java.util.regex.Pattern$CharProperty.match(Ljava/util/regex/Matcher;ILjava/lang/CharSequence;)Z @ 37
Event: 3.519 Thread 0x00000000031f4000 Uncommon trap: reason=class_check action=maybe_recompile pc=0x00000000037ca548 method=java.util.regex.Pattern$CharProperty.match(Ljava/util/regex/Matcher;ILjava/lang/CharSequence;)Z @ 37
Event: 3.519 Thread 0x00000000031f4000 Uncommon trap: reason=class_check action=maybe_recompile pc=0x00000000037ca548 method=java.util.regex.Pattern$CharProperty.match(Ljava/util/regex/Matcher;ILjava/lang/CharSequence;)Z @ 37
Event: 3.599 Thread 0x00000000031f4000 Uncommon trap: reason=class_check action=maybe_recompile pc=0x00000000037ca548 method=java.util.regex.Pattern$CharProperty.match(Ljava/util/regex/Matcher;ILjava/lang/CharSequence;)Z @ 37

Classes redefined (10 events):
Event: 1093.520 Thread 0x0000000017e27000 redefined class name=com.domoyun.testCase.All_Test_Case2, count=3
Event: 1100.783 Thread 0x0000000017e27000 redefined class name=com.domoyun.testCase.All_Test_Case, count=3
Event: 1267.189 Thread 0x0000000017e27000 redefined class name=com.domoyun.testCase.All_Test_Case, count=4
Event: 1274.512 Thread 0x0000000017e27000 redefined class name=com.domoyun.testCase.All_Test_Case, count=5
Event: 1284.577 Thread 0x0000000017e27000 redefined class name=com.domoyun.testCase.All_Test_Case2, count=4
Event: 1288.046 Thread 0x0000000017e27000 redefined class name=com.domoyun.testCase.All_Test_Case2, count=5
Event: 1322.688 Thread 0x0000000017e27000 redefined class name=com.domoyun.testCase.All_Test_Case2, count=6
Event: 1327.511 Thread 0x0000000017e27000 redefined class name=com.domoyun.testCase.All_Test_Case, count=6
Event: 1520.401 Thread 0x0000000017e27000 redefined class name=com.domoyun.testCase.All_Test_Case, count=7
Event: 1531.294 Thread 0x0000000017e27000 redefined class name=com.domoyun.testCase.All_Test_Case, count=8

Internal exceptions (10 events):
Event: 1.844 Thread 0x00000000031f4000 Exception <a 'java/security/PrivilegedActionException'> (0x00000000d7a7bd30) thrown at [C:\re\workspace\8-2-build-windows-amd64-cygwin\jdk8u191\11896\hotspot\src\share\vm\prims\jvm.cpp, line 1435]
Event: 1.844 Thread 0x00000000031f4000 Exception <a 'java/security/PrivilegedActionException'> (0x00000000d7a82950) thrown at [C:\re\workspace\8-2-build-windows-amd64-cygwin\jdk8u191\11896\hotspot\src\share\vm\prims\jvm.cpp, line 1435]
Event: 1.844 Thread 0x00000000031f4000 Exception <a 'java/security/PrivilegedActionException'> (0x00000000d7a82f30) thrown at [C:\re\workspace\8-2-build-windows-amd64-cygwin\jdk8u191\11896\hotspot\src\share\vm\prims\jvm.cpp, line 1435]
Event: 1.845 Thread 0x00000000031f4000 Exception <a 'java/security/PrivilegedActionException'> (0x00000000d7a89948) thrown at [C:\re\workspace\8-2-build-windows-amd64-cygwin\jdk8u191\11896\hotspot\src\share\vm\prims\jvm.cpp, line 1435]
Event: 1.845 Thread 0x00000000031f4000 Exception <a 'java/security/PrivilegedActionException'> (0x00000000d7a89f28) thrown at [C:\re\workspace\8-2-build-windows-amd64-cygwin\jdk8u191\11896\hotspot\src\share\vm\prims\jvm.cpp, line 1435]
Event: 2.561 Thread 0x00000000031f4000 Exception <a 'java/lang/NoSuchMethodError': <clinit>> (0x00000000d7836fd8) thrown at [C:\re\workspace\8-2-build-windows-amd64-cygwin\jdk8u191\11896\hotspot\src\share\vm\prims\jni.cpp, line 1613]
Event: 2.563 Thread 0x00000000031f4000 Exception <a 'java/lang/NoSuchMethodError': <clinit>> (0x00000000d7843660) thrown at [C:\re\workspace\8-2-build-windows-amd64-cygwin\jdk8u191\11896\hotspot\src\share\vm\prims\jni.cpp, line 1613]
Event: 3.011 Thread 0x00000000031f4000 Exception <a 'java/lang/NoClassDefFoundError': org/apache/log4j/Priority> (0x00000000d625e768) thrown at [C:\re\workspace\8-2-build-windows-amd64-cygwin\jdk8u191\11896\hotspot\src\share\vm\classfile\systemDictionary.cpp, line 199]
Event: 3.307 Thread 0x00000000031f4000 Exception <a 'java/lang/NoSuchFieldError': method resolution failed> (0x00000000d66adbe0) thrown at [C:\re\workspace\8-2-build-windows-amd64-cygwin\jdk8u191\11896\hotspot\src\share\vm\prims\methodHandles.cpp, line 1167]
Event: 3.313 Thread 0x00000000031f4000 Exception <a 'java/lang/NoSuchFieldError': method resolution failed> (0x00000000d66bb670) thrown at [C:\re\workspace\8-2-build-windows-amd64-cygwin\jdk8u191\11896\hotspot\src\share\vm\prims\methodHandles.cpp, line 1167]

Events (10 events):
Event: 1562.129 Executing VM operation: GetCurrentContendedMonitor done
Event: 1641.589 Executing VM operation: GetOwnedMonitorInfo
Event: 1641.589 Executing VM operation: GetOwnedMonitorInfo done
Event: 1641.589 Executing VM operation: GetCurrentContendedMonitor
Event: 1641.589 Executing VM operation: GetCurrentContendedMonitor done
Event: 1674.643 Executing VM operation: GetOwnedMonitorInfo
Event: 1674.643 Executing VM operation: GetOwnedMonitorInfo done
Event: 1674.643 Executing VM operation: GetCurrentContendedMonitor
Event: 1674.643 Executing VM operation: GetCurrentContendedMonitor done
Event: 1674.891 Executing VM operation: GetOrSetLocal


Dynamic libraries:
0x00007ff692db0000 - 0x00007ff692de7000 	C:\Program Files\Java\jre1.8.0_191\bin\javaw.exe
0x00007ffd897d0000 - 0x00007ffd899a2000 	C:\Windows\SYSTEM32\ntdll.dll
0x00007ffd88960000 - 0x00007ffd88a0c000 	C:\Windows\System32\KERNEL32.DLL
0x00007ffd863f0000 - 0x00007ffd8660d000 	C:\Windows\System32\KERNELBASE.dll
0x00007ffd884b0000 - 0x00007ffd88552000 	C:\Windows\System32\ADVAPI32.dll
0x00007ffd86ec0000 - 0x00007ffd86f5e000 	C:\Windows\System32\msvcrt.dll
0x00007ffd88760000 - 0x00007ffd887b9000 	C:\Windows\System32\sechost.dll
0x00007ffd88b90000 - 0x00007ffd88cb1000 	C:\Windows\System32\RPCRT4.dll
0x00007ffd891d0000 - 0x00007ffd89335000 	C:\Windows\System32\USER32.dll
0x00007ffd86610000 - 0x00007ffd8662e000 	C:\Windows\System32\win32u.dll
0x00007ffd86f60000 - 0x00007ffd86f94000 	C:\Windows\System32\GDI32.dll
0x00007ffd86030000 - 0x00007ffd861b0000 	C:\Windows\System32\gdi32full.dll
0x00007ffd7bb60000 - 0x00007ffd7bdda000 	C:\Windows\WinSxS\amd64_microsoft.windows.common-controls_6595b64144ccf1df_6.0.14393.953_none_42151e83c686086b\COMCTL32.dll
0x00007ffd89500000 - 0x00007ffd897c8000 	C:\Windows\System32\combase.dll
0x00007ffd85e80000 - 0x00007ffd85f75000 	C:\Windows\System32\ucrtbase.dll
0x00007ffd86380000 - 0x00007ffd863ea000 	C:\Windows\System32\bcryptPrimitives.dll
0x00007ffd894d0000 - 0x00007ffd894fe000 	C:\Windows\System32\IMM32.DLL
0x0000000068d80000 - 0x0000000068e52000 	C:\Program Files\Java\jre1.8.0_191\bin\msvcr100.dll
0x0000000069790000 - 0x000000006a034000 	C:\Program Files\Java\jre1.8.0_191\bin\server\jvm.dll
0x00007ffd89450000 - 0x00007ffd89458000 	C:\Windows\System32\PSAPI.DLL
0x00007ffd790c0000 - 0x00007ffd790c9000 	C:\Windows\SYSTEM32\WSOCK32.dll
0x00007ffd89460000 - 0x00007ffd894ca000 	C:\Windows\System32\WS2_32.dll
0x00007ffd787a0000 - 0x00007ffd787aa000 	C:\Windows\SYSTEM32\VERSION.dll
0x00007ffd838f0000 - 0x00007ffd83913000 	C:\Windows\SYSTEM32\WINMM.dll
0x0000000001480000 - 0x00000000014ab000 	C:\Windows\SYSTEM32\WINMMBASE.dll
0x00007ffd86d10000 - 0x00007ffd86d52000 	C:\Windows\System32\cfgmgr32.dll
0x0000000069780000 - 0x000000006978f000 	C:\Program Files\Java\jre1.8.0_191\bin\verify.dll
0x0000000069750000 - 0x0000000069779000 	C:\Program Files\Java\jre1.8.0_191\bin\java.dll
0x0000000068d40000 - 0x0000000068d75000 	C:\Program Files\Java\jre1.8.0_191\bin\jdwp.dll
0x0000000068d30000 - 0x0000000068d38000 	C:\Program Files\Java\jre1.8.0_191\bin\npt.dll
0x0000000069730000 - 0x0000000069746000 	C:\Program Files\Java\jre1.8.0_191\bin\zip.dll
0x00007ffd86fa0000 - 0x00007ffd884a9000 	C:\Windows\System32\SHELL32.dll
0x00007ffd86630000 - 0x00007ffd86d09000 	C:\Windows\System32\windows.storage.dll
0x00007ffd85c50000 - 0x00007ffd85c9c000 	C:\Windows\System32\powrprof.dll
0x00007ffd88a30000 - 0x00007ffd88a82000 	C:\Windows\System32\shlwapi.dll
0x00007ffd85ca0000 - 0x00007ffd85caf000 	C:\Windows\System32\kernel.appcore.dll
0x00007ffd85dd0000 - 0x00007ffd85e79000 	C:\Windows\System32\shcore.dll
0x00007ffd85cb0000 - 0x00007ffd85cc4000 	C:\Windows\System32\profapi.dll
0x0000000068d20000 - 0x0000000068d29000 	C:\Program Files\Java\jre1.8.0_191\bin\dt_socket.dll
0x00007ffd76210000 - 0x00007ffd76226000 	C:\Windows\system32\napinsp.dll
0x00007ffd78910000 - 0x00007ffd7892a000 	C:\Windows\system32\pnrpnsp.dll
0x00007ffd82b50000 - 0x00007ffd82b68000 	C:\Windows\system32\NLAapi.dll
0x00007ffd85570000 - 0x00007ffd855cc000 	C:\Windows\System32\mswsock.dll
0x00007ffd85350000 - 0x00007ffd853f1000 	C:\Windows\SYSTEM32\DNSAPI.dll
0x00007ffd89100000 - 0x00007ffd89108000 	C:\Windows\System32\NSI.dll
0x00007ffd852f0000 - 0x00007ffd85328000 	C:\Windows\SYSTEM32\IPHLPAPI.DLL
0x00007ffd78960000 - 0x00007ffd7896e000 	C:\Windows\System32\winrnr.dll
0x000000006c9e0000 - 0x000000006ca15000 	C:\Program Files\Bonjour\mdnsNSP.dll
0x00007ffd7dd20000 - 0x00007ffd7dd8a000 	C:\Windows\System32\fwpuclnt.dll
0x00007ffd85b70000 - 0x00007ffd85b9b000 	C:\Windows\SYSTEM32\bcrypt.dll
0x00007ffd7dce0000 - 0x00007ffd7dcea000 	C:\Windows\System32\rasadhlp.dll
0x0000000069710000 - 0x000000006972a000 	C:\Program Files\Java\jre1.8.0_191\bin\net.dll
0x00007ffd85710000 - 0x00007ffd85727000 	C:\Windows\SYSTEM32\CRYPTSP.dll
0x00007ffd85170000 - 0x00007ffd851a3000 	C:\Windows\system32\rsaenh.dll
0x00007ffd85330000 - 0x00007ffd8534f000 	C:\Windows\SYSTEM32\USERENV.dll
0x00007ffd85ba0000 - 0x00007ffd85bab000 	C:\Windows\SYSTEM32\CRYPTBASE.dll
0x00007ffd7f420000 - 0x00007ffd7f436000 	C:\Windows\SYSTEM32\dhcpcsvc6.DLL
0x00007ffd7f400000 - 0x00007ffd7f41a000 	C:\Windows\SYSTEM32\dhcpcsvc.DLL
0x00000000696f0000 - 0x0000000069701000 	C:\Program Files\Java\jre1.8.0_191\bin\nio.dll
0x00000000696c0000 - 0x00000000696e4000 	C:\Program Files\Java\jre1.8.0_191\bin\sunec.dll

VM Arguments:
jvm_args: -agentlib:jdwp=transport=dt_socket,suspend=y,address=localhost:55311 -ea -Dfile.encoding=UTF-8 
java_command: org.testng.remote.RemoteTestNG -serport 55310 -d D:\Users\Jarvan\Desktop\7\trunk\apiFrame\test-output D:\Users\Jarvan\Desktop\7\trunk\apiFrame\testng.xml
java_class_path (initial): D:\Users\Jarvan\Desktop\7\trunk\apiFrame\target\test-classes;D:\Users\Jarvan\Desktop\7\trunk\apiFrame\target\classes;C:\Users\Test\.m2\repository\org\apache\httpcomponents\httpclient\4.5.2\httpclient-4.5.2.jar;C:\Users\Test\.m2\repository\org\apache\httpcomponents\httpcore\4.4.4\httpcore-4.4.4.jar;C:\Users\Test\.m2\repository\commons-logging\commons-logging\1.2\commons-logging-1.2.jar;C:\Users\Test\.m2\repository\commons-codec\commons-codec\1.9\commons-codec-1.9.jar;C:\Users\Test\.m2\repository\org\testng\testng\6.8.8\testng-6.8.8.jar;C:\Users\Test\.m2\repository\org\beanshell\bsh\2.0b4\bsh-2.0b4.jar;C:\Users\Test\.m2\repository\com\beust\jcommander\1.27\jcommander-1.27.jar;C:\Users\Test\.m2\repository\xml-apis\xml-apis\1.4.01\xml-apis-1.4.01.jar;C:\Users\Test\.m2\repository\org\apache\poi\poi-ooxml\3.15\poi-ooxml-3.15.jar;C:\Users\Test\.m2\repository\org\apache\poi\poi\3.15\poi-3.15.jar;C:\Users\Test\.m2\repository\org\apache\commons\commons-collections4\4.1\commons-collections4-4.1.jar;C:\Users\Test\.m2\repository\org\apache\poi\poi-ooxml-schemas\3.15\poi-ooxml-schemas-3.15.jar;C:\Users\Test\.m2\repository\org\apache\xmlbeans\xmlbeans\2.6.0\xmlbeans-2.6.0.jar;C:\Users\Test\.m2\repository\stax\stax-api\1.0.1\stax-api-1.0.1.jar;C:\Users\Test\.m2\repository\com\github\virtuald\curvesapi\1.04\curvesapi-1.04.jar;C:\Users\Test\.m2\repository\com\alibaba\fastjson\1.2.44\fastjson-1.2.44.jar;C:\Users\Test\.m2\repository\mysql\mysql-connector-java\5.1.38\mysql-connector-java-5.1.38.jar;C:\Users\Test\.m2\repository\com\jayway\jsonpath\json-path\2.3.0\json-path-2.3.0.jar;C:\Users\Test\.m2\repository\net\minidev\json-smart\2.3\json-smart-2.3.jar;C:\Users\Test\.m2\repository\net\minidev\accessors-smart\1.2\accessors-smart-1.2.jar;C:\Users\Test\.m2\repository\org\ow2\asm\asm\5.0.4\asm-5.0.4.jar;C:\Users\Test\.m2\repository\org\slf4j\slf4j-api\1.7.25\slf4j-api-1.7.25.jar;C:\Users\Test\.m2\repository\org\uncommons\reportng\1.1.4\reportng-1.1.4.jar;C:\U
Launcher Type: SUN_STANDARD

Environment Variables:
JAVA_HOME=C:\Program Files\Java\jdk1.8.0_191
PATH=C:/Program Files/Java/jre1.8.0_191/bin/server;C:/Program Files/Java/jre1.8.0_191/bin;C:/Program Files/Java/jre1.8.0_191/lib/amd64;C:\Program Files (x86)\Common Files\Oracle\Java\javapath;C:\Windows\system32;C:\Windows;C:\Windows\System32\Wbem;C:\Windows\System32\WindowsPowerShell\v1.0\;D:\Program Files\Microsoft SQL Server\110\DTS\Binn\;D:\Program Files (x86)\Microsoft SQL Server\110\Tools\Binn\;D:\Program Files\Microsoft SQL Server\110\Tools\Binn\;D:\Program Files (x86)\Microsoft SQL Server\110\Tools\Binn\ManagementStudio\;C:\Program Files (x86)\Microsoft Visual Studio 10.0\Common7\IDE\PrivateAssemblies\;D:\Program Files (x86)\Microsoft SQL Server\110\DTS\Binn\;C:\Users\Test\.dnx\bin;C:\Program Files\Microsoft DNX\Dnvm\;D:\Program Files\Microsoft SQL Server\120\Tools\Binn\;D:\Program Files\Microsoft SQL Server\130\Tools\Binn\;C:\Program Files\MySQL\MySQL Utilities 1.6\;D:\Program Files (x86)\VisualSVN\bin;C:\Program Files (x86)\Windows Kits\8.1\Windows Performance Toolkit\;D:\Program Files\TortoiseSVN\bin;C:\Program Files\dotnet\;D:\Program Files\nodejs\;D:\Program Files\TortoiseGit\bin;C:\Program Files\Git\cmd;C:\Program Files (x86)\dotnet\;C:\Program Files\erl9.3\bin;C:\Program Files\Java\jdk1.8.0_191\bin;D:\java\apache-maven-3.5.3\bin;C:\Users\Test\AppData\Local\Microsoft\WindowsApps;C:\Users\Test\AppData\Local\Programs\Fiddler;C:\Users\Test\AppData\Local\GitHubDesktop\bin;C:\Windows\system32;
USERNAME=Test
OS=Windows_NT
PROCESSOR_IDENTIFIER=Intel64 Family 6 Model 158 Stepping 9, GenuineIntel



---------------  S Y S T E M  ---------------

OS: Windows 10.0 , 64 bit Build 14393 (10.0.14393.1198)

CPU:total 4 (initial active 4) (2 cores per cpu, 2 threads per core) family 6 model 158 stepping 9, cmov, cx8, fxsr, mmx, sse, sse2, sse3, ssse3, sse4.1, sse4.2, popcnt, avx, avx2, aes, clmul, erms, 3dnowpref, lzcnt, ht, tsc, tscinvbit, bmi1, bmi2, adx

Memory: 4k page, physical 8298936k(1674572k free), swap 22536044k(3674476k free)

vm_info: Java HotSpot(TM) 64-Bit Server VM (25.191-b12) for windows-amd64 JRE (1.8.0_191-b12), built on Oct  6 2018 09:29:03 by "java_re" with MS VC++ 10.0 (VS2010)

time: Sun Apr 14 11:25:51 2019
elapsed time: 1674 seconds (0d 0h 27m 54s)

